CRITICAL - 2024-06-10 21:33:17 --> CodeIgniter\Router\Exceptions\RouterException: The namespace delimiter is a backslash (\), not a slash (/). Route handler: "\App\Controllers\admin/dashboard/index"
in SYSTEMPATH\Router\Router.php on line 495.
 1 SYSTEMPATH\Router\Router.php(495): CodeIgniter\Router\Exceptions\RouterException::forInvalidControllerName('\\App\\Controllers\\admin/dashboard/index')
 2 SYSTEMPATH\Router\Router.php(202): CodeIgniter\Router\Router->checkRoutes('dashboard')
 3 SYSTEMPATH\CodeIgniter.php(825): CodeIgniter\Router\Router->handle('dashboard')
 4 SYSTEMPATH\CodeIgniter.php(450): CodeIgniter\CodeIgniter->tryToRouteIt(Object(CodeIgniter\Router\RouteCollection))
 5 SYSTEMPATH\CodeIgniter.php(361): CodeIgniter\CodeIgniter->handleRequest(null, Object(Config\Cache), false)
 6 FCPATH\index.php(79): CodeIgniter\CodeIgniter->run()
 7 SYSTEMPATH\Commands\Server\rewrite.php(47): require_once('C:\\xampp\\htdocs\\PemrogramanFramework\\project-tugas-ci4\\project-app\\public\\index.php')
CRITICAL - 2024-06-10 23:18:05 --> ErrorException: Undefined variable: getKaryawan
in APPPATH\Views\admin\employee\index.php on line 32.
 1 APPPATH\Views\admin\employee\index.php(32): CodeIgniter\Debug\Exceptions->errorHandler(8, 'Undefined variable: getKaryawan', 'C:\\xampp\\htdocs\\PemrogramanFramework\\project-tugas-ci4\\project-app\\app\\Views\\admin\\employee\\index.php', 32, [...])
 2 SYSTEMPATH\View\View.php(228): include('C:\\xampp\\htdocs\\PemrogramanFramework\\project-tugas-ci4\\project-app\\app\\Views\\admin\\employee\\index.php')
 3 SYSTEMPATH\View\View.php(231): CodeIgniter\View\View->CodeIgniter\View\{closure}()
 4 SYSTEMPATH\Common.php(1178): CodeIgniter\View\View->render('admin/employee/index', [], true)
 5 APPPATH\Controllers\Admin\Employee.php(12): view('admin/employee/index')
 6 SYSTEMPATH\CodeIgniter.php(943): App\Controllers\Admin\Employee->index()
 7 SYSTEMPATH\CodeIgniter.php(503): CodeIgniter\CodeIgniter->runController(Object(App\Controllers\Admin\Employee))
 8 SYSTEMPATH\CodeIgniter.php(361): CodeIgniter\CodeIgniter->handleRequest(null, Object(Config\Cache), false)
 9 FCPATH\index.php(79): CodeIgniter\CodeIgniter->run()
10 SYSTEMPATH\Commands\Server\rewrite.php(47): require_once('C:\\xampp\\htdocs\\PemrogramanFramework\\project-tugas-ci4\\project-app\\public\\index.php')
CRITICAL - 2024-06-10 23:18:36 --> ErrorException: Undefined variable: getKaryawan
in APPPATH\Views\admin\employee\index.php on line 32.
 1 APPPATH\Views\admin\employee\index.php(32): CodeIgniter\Debug\Exceptions->errorHandler(8, 'Undefined variable: getKaryawan', 'C:\\xampp\\htdocs\\PemrogramanFramework\\project-tugas-ci4\\project-app\\app\\Views\\admin\\employee\\index.php', 32, [...])
 2 SYSTEMPATH\View\View.php(228): include('C:\\xampp\\htdocs\\PemrogramanFramework\\project-tugas-ci4\\project-app\\app\\Views\\admin\\employee\\index.php')
 3 SYSTEMPATH\View\View.php(231): CodeIgniter\View\View->CodeIgniter\View\{closure}()
 4 SYSTEMPATH\Common.php(1178): CodeIgniter\View\View->render('admin/employee/index', [], true)
 5 APPPATH\Controllers\Admin\Employee.php(12): view('admin/employee/index')
 6 SYSTEMPATH\CodeIgniter.php(943): App\Controllers\Admin\Employee->index()
 7 SYSTEMPATH\CodeIgniter.php(503): CodeIgniter\CodeIgniter->runController(Object(App\Controllers\Admin\Employee))
 8 SYSTEMPATH\CodeIgniter.php(361): CodeIgniter\CodeIgniter->handleRequest(null, Object(Config\Cache), false)
 9 FCPATH\index.php(79): CodeIgniter\CodeIgniter->run()
10 SYSTEMPATH\Commands\Server\rewrite.php(47): require_once('C:\\xampp\\htdocs\\PemrogramanFramework\\project-tugas-ci4\\project-app\\public\\index.php')
CRITICAL - 2024-06-10 23:18:40 --> ErrorException: Undefined variable: getKaryawan
in APPPATH\Views\admin\employee\index.php on line 32.
 1 APPPATH\Views\admin\employee\index.php(32): CodeIgniter\Debug\Exceptions->errorHandler(8, 'Undefined variable: getKaryawan', 'C:\\xampp\\htdocs\\PemrogramanFramework\\project-tugas-ci4\\project-app\\app\\Views\\admin\\employee\\index.php', 32, [...])
 2 SYSTEMPATH\View\View.php(228): include('C:\\xampp\\htdocs\\PemrogramanFramework\\project-tugas-ci4\\project-app\\app\\Views\\admin\\employee\\index.php')
 3 SYSTEMPATH\View\View.php(231): CodeIgniter\View\View->CodeIgniter\View\{closure}()
 4 SYSTEMPATH\Common.php(1178): CodeIgniter\View\View->render('admin/employee/index', [], true)
 5 APPPATH\Controllers\Admin\Employee.php(12): view('admin/employee/index')
 6 SYSTEMPATH\CodeIgniter.php(943): App\Controllers\Admin\Employee->index()
 7 SYSTEMPATH\CodeIgniter.php(503): CodeIgniter\CodeIgniter->runController(Object(App\Controllers\Admin\Employee))
 8 SYSTEMPATH\CodeIgniter.php(361): CodeIgniter\CodeIgniter->handleRequest(null, Object(Config\Cache), false)
 9 FCPATH\index.php(79): CodeIgniter\CodeIgniter->run()
10 SYSTEMPATH\Commands\Server\rewrite.php(47): require_once('C:\\xampp\\htdocs\\PemrogramanFramework\\project-tugas-ci4\\project-app\\public\\index.php')
CRITICAL - 2024-06-10 23:18:41 --> ErrorException: Undefined variable: getKaryawan
in APPPATH\Views\admin\employee\index.php on line 32.
 1 APPPATH\Views\admin\employee\index.php(32): CodeIgniter\Debug\Exceptions->errorHandler(8, 'Undefined variable: getKaryawan', 'C:\\xampp\\htdocs\\PemrogramanFramework\\project-tugas-ci4\\project-app\\app\\Views\\admin\\employee\\index.php', 32, [...])
 2 SYSTEMPATH\View\View.php(228): include('C:\\xampp\\htdocs\\PemrogramanFramework\\project-tugas-ci4\\project-app\\app\\Views\\admin\\employee\\index.php')
 3 SYSTEMPATH\View\View.php(231): CodeIgniter\View\View->CodeIgniter\View\{closure}()
 4 SYSTEMPATH\Common.php(1178): CodeIgniter\View\View->render('admin/employee/index', [], true)
 5 APPPATH\Controllers\Admin\Employee.php(12): view('admin/employee/index')
 6 SYSTEMPATH\CodeIgniter.php(943): App\Controllers\Admin\Employee->index()
 7 SYSTEMPATH\CodeIgniter.php(503): CodeIgniter\CodeIgniter->runController(Object(App\Controllers\Admin\Employee))
 8 SYSTEMPATH\CodeIgniter.php(361): CodeIgniter\CodeIgniter->handleRequest(null, Object(Config\Cache), false)
 9 FCPATH\index.php(79): CodeIgniter\CodeIgniter->run()
10 SYSTEMPATH\Commands\Server\rewrite.php(47): require_once('C:\\xampp\\htdocs\\PemrogramanFramework\\project-tugas-ci4\\project-app\\public\\index.php')
ERROR - 2024-06-10 23:19:23 --> Error connecting to the database: mysqli_sql_exception: Access denied for user 'root'@'localhost' (using password: YES) in C:\xampp\htdocs\PemrogramanFramework\project-tugas-ci4\project-app\vendor\codeigniter4\framework\system\Database\MySQLi\Connection.php:185
Stack trace:
#0 C:\xampp\htdocs\PemrogramanFramework\project-tugas-ci4\project-app\vendor\codeigniter4\framework\system\Database\MySQLi\Connection.php(185): mysqli->real_connect('localhost', 'root', 'root', 'ci4_fathan', 3306, '', 0)
#1 C:\xampp\htdocs\PemrogramanFramework\project-tugas-ci4\project-app\vendor\codeigniter4\framework\system\Database\BaseConnection.php(392): CodeIgniter\Database\MySQLi\Connection->connect(false)
#2 C:\xampp\htdocs\PemrogramanFramework\project-tugas-ci4\project-app\vendor\codeigniter4\framework\system\Database\BaseConnection.php(575): CodeIgniter\Database\BaseConnection->initialize()
#3 C:\xampp\htdocs\PemrogramanFramework\project-tugas-ci4\project-app\vendor\codeigniter4\framework\system\Database\BaseBuilder.php(1616): CodeIgniter\Database\BaseConnection->query('SELECT *\nFROM `...', Array, false)
#4 C:\xampp\htdocs\PemrogramanFramework\project-tugas-ci4\project-app\vendor\codeigniter4\framework\system\Model.php(243): CodeIgniter\Database\BaseBuilder->get()
#5 C:\xampp\htdocs\PemrogramanFramework\project-tugas-ci4\project-app\vendor\codeigniter4\framework\system\BaseModel.php(641): CodeIgniter\Model->doFindAll(0, 0)
#6 C:\xampp\htdocs\PemrogramanFramework\project-tugas-ci4\project-app\app\Models\Employee_model.php(16): CodeIgniter\BaseModel->findAll()
#7 C:\xampp\htdocs\PemrogramanFramework\project-tugas-ci4\project-app\app\Controllers\Admin\Employee.php(13): App\Models\Employee_model->getKaryawan()
#8 C:\xampp\htdocs\PemrogramanFramework\project-tugas-ci4\project-app\vendor\codeigniter4\framework\system\CodeIgniter.php(943): App\Controllers\Admin\Employee->index()
#9 C:\xampp\htdocs\PemrogramanFramework\project-tugas-ci4\project-app\vendor\codeigniter4\framework\system\CodeIgniter.php(503): CodeIgniter\CodeIgniter->runController(Object(App\Controllers\Admin\Employee))
#10 C:\xampp\htdocs\PemrogramanFramework\project-tugas-ci4\project-app\vendor\codeigniter4\framework\system\CodeIgniter.php(361): CodeIgniter\CodeIgniter->handleRequest(NULL, Object(Config\Cache), false)
#11 C:\xampp\htdocs\PemrogramanFramework\project-tugas-ci4\project-app\public\index.php(79): CodeIgniter\CodeIgniter->run()
#12 C:\xampp\htdocs\PemrogramanFramework\project-tugas-ci4\project-app\vendor\codeigniter4\framework\system\Commands\Server\rewrite.php(47): require_once('C:\\xampp\\htdocs...')
#13 {main}

Next CodeIgniter\Database\Exceptions\DatabaseException: Access denied for user '****'@'localhost' (using password: YES) in C:\xampp\htdocs\PemrogramanFramework\project-tugas-ci4\project-app\vendor\codeigniter4\framework\system\Database\MySQLi\Connection.php:229
Stack trace:
#0 C:\xampp\htdocs\PemrogramanFramework\project-tugas-ci4\project-app\vendor\codeigniter4\framework\system\Database\BaseConnection.php(392): CodeIgniter\Database\MySQLi\Connection->connect(false)
#1 C:\xampp\htdocs\PemrogramanFramework\project-tugas-ci4\project-app\vendor\codeigniter4\framework\system\Database\BaseConnection.php(575): CodeIgniter\Database\BaseConnection->initialize()
#2 C:\xampp\htdocs\PemrogramanFramework\project-tugas-ci4\project-app\vendor\codeigniter4\framework\system\Database\BaseBuilder.php(1616): CodeIgniter\Database\BaseConnection->query('SELECT *\nFROM `...', Array, false)
#3 C:\xampp\htdocs\PemrogramanFramework\project-tugas-ci4\project-app\vendor\codeigniter4\framework\system\Model.php(243): CodeIgniter\Database\BaseBuilder->get()
#4 C:\xampp\htdocs\PemrogramanFramework\project-tugas-ci4\project-app\vendor\codeigniter4\framework\system\BaseModel.php(641): CodeIgniter\Model->doFindAll(0, 0)
#5 C:\xampp\htdocs\PemrogramanFramework\project-tugas-ci4\project-app\app\Models\Employee_model.php(16): CodeIgniter\BaseModel->findAll()
#6 C:\xampp\htdocs\PemrogramanFramework\project-tugas-ci4\project-app\app\Controllers\Admin\Employee.php(13): App\Models\Employee_model->getKaryawan()
#7 C:\xampp\htdocs\PemrogramanFramework\project-tugas-ci4\project-app\vendor\codeigniter4\framework\system\CodeIgniter.php(943): App\Controllers\Admin\Employee->index()
#8 C:\xampp\htdocs\PemrogramanFramework\project-tugas-ci4\project-app\vendor\codeigniter4\framework\system\CodeIgniter.php(503): CodeIgniter\CodeIgniter->runController(Object(App\Controllers\Admin\Employee))
#9 C:\xampp\htdocs\PemrogramanFramework\project-tugas-ci4\project-app\vendor\codeigniter4\framework\system\CodeIgniter.php(361): CodeIgniter\CodeIgniter->handleRequest(NULL, Object(Config\Cache), false)
#10 C:\xampp\htdocs\PemrogramanFramework\project-tugas-ci4\project-app\public\index.php(79): CodeIgniter\CodeIgniter->run()
#11 C:\xampp\htdocs\PemrogramanFramework\project-tugas-ci4\project-app\vendor\codeigniter4\framework\system\Commands\Server\rewrite.php(47): require_once('C:\\xampp\\htdocs...')
#12 {main}
CRITICAL - 2024-06-10 23:19:23 --> CodeIgniter\Database\Exceptions\DatabaseException: Unable to connect to the database.
Main connection [MySQLi]: Access denied for user '****'@'localhost' (using password: YES)
in SYSTEMPATH\Database\BaseConnection.php on line 428.
 1 SYSTEMPATH\Database\BaseConnection.php(575): CodeIgniter\Database\BaseConnection->initialize()
 2 SYSTEMPATH\Database\BaseBuilder.php(1616): CodeIgniter\Database\BaseConnection->query('SELECT *
FROM `employees`', [], false)
 3 SYSTEMPATH\Model.php(243): CodeIgniter\Database\BaseBuilder->get()
 4 SYSTEMPATH\BaseModel.php(641): CodeIgniter\Model->doFindAll(0, 0)
 5 APPPATH\Models\Employee_model.php(16): CodeIgniter\BaseModel->findAll()
 6 APPPATH\Controllers\Admin\Employee.php(13): App\Models\Employee_model->getKaryawan()
 7 SYSTEMPATH\CodeIgniter.php(943): App\Controllers\Admin\Employee->index()
 8 SYSTEMPATH\CodeIgniter.php(503): CodeIgniter\CodeIgniter->runController(Object(App\Controllers\Admin\Employee))
 9 SYSTEMPATH\CodeIgniter.php(361): CodeIgniter\CodeIgniter->handleRequest(null, Object(Config\Cache), false)
10 FCPATH\index.php(79): CodeIgniter\CodeIgniter->run()
11 SYSTEMPATH\Commands\Server\rewrite.php(47): require_once('C:\\xampp\\htdocs\\PemrogramanFramework\\project-tugas-ci4\\project-app\\public\\index.php')
ERROR - 2024-06-10 23:19:58 --> Error connecting to the database: mysqli_sql_exception: Access denied for user 'root'@'localhost' (using password: YES) in C:\xampp\htdocs\PemrogramanFramework\project-tugas-ci4\project-app\vendor\codeigniter4\framework\system\Database\MySQLi\Connection.php:185
Stack trace:
#0 C:\xampp\htdocs\PemrogramanFramework\project-tugas-ci4\project-app\vendor\codeigniter4\framework\system\Database\MySQLi\Connection.php(185): mysqli->real_connect('localhost', 'root', 'root', 'ci4_fathan', 3306, '', 0)
#1 C:\xampp\htdocs\PemrogramanFramework\project-tugas-ci4\project-app\vendor\codeigniter4\framework\system\Database\BaseConnection.php(392): CodeIgniter\Database\MySQLi\Connection->connect(false)
#2 C:\xampp\htdocs\PemrogramanFramework\project-tugas-ci4\project-app\vendor\codeigniter4\framework\system\Database\BaseConnection.php(575): CodeIgniter\Database\BaseConnection->initialize()
#3 C:\xampp\htdocs\PemrogramanFramework\project-tugas-ci4\project-app\vendor\codeigniter4\framework\system\Database\BaseBuilder.php(1616): CodeIgniter\Database\BaseConnection->query('SELECT *\nFROM `...', Array, false)
#4 C:\xampp\htdocs\PemrogramanFramework\project-tugas-ci4\project-app\vendor\codeigniter4\framework\system\Model.php(243): CodeIgniter\Database\BaseBuilder->get()
#5 C:\xampp\htdocs\PemrogramanFramework\project-tugas-ci4\project-app\vendor\codeigniter4\framework\system\BaseModel.php(641): CodeIgniter\Model->doFindAll(0, 0)
#6 C:\xampp\htdocs\PemrogramanFramework\project-tugas-ci4\project-app\app\Models\Employee_model.php(16): CodeIgniter\BaseModel->findAll()
#7 C:\xampp\htdocs\PemrogramanFramework\project-tugas-ci4\project-app\app\Controllers\Admin\Employee.php(13): App\Models\Employee_model->getKaryawan()
#8 C:\xampp\htdocs\PemrogramanFramework\project-tugas-ci4\project-app\vendor\codeigniter4\framework\system\CodeIgniter.php(943): App\Controllers\Admin\Employee->index()
#9 C:\xampp\htdocs\PemrogramanFramework\project-tugas-ci4\project-app\vendor\codeigniter4\framework\system\CodeIgniter.php(503): CodeIgniter\CodeIgniter->runController(Object(App\Controllers\Admin\Employee))
#10 C:\xampp\htdocs\PemrogramanFramework\project-tugas-ci4\project-app\vendor\codeigniter4\framework\system\CodeIgniter.php(361): CodeIgniter\CodeIgniter->handleRequest(NULL, Object(Config\Cache), false)
#11 C:\xampp\htdocs\PemrogramanFramework\project-tugas-ci4\project-app\public\index.php(79): CodeIgniter\CodeIgniter->run()
#12 C:\xampp\htdocs\PemrogramanFramework\project-tugas-ci4\project-app\vendor\codeigniter4\framework\system\Commands\Server\rewrite.php(47): require_once('C:\\xampp\\htdocs...')
#13 {main}

Next CodeIgniter\Database\Exceptions\DatabaseException: Access denied for user '****'@'localhost' (using password: YES) in C:\xampp\htdocs\PemrogramanFramework\project-tugas-ci4\project-app\vendor\codeigniter4\framework\system\Database\MySQLi\Connection.php:229
Stack trace:
#0 C:\xampp\htdocs\PemrogramanFramework\project-tugas-ci4\project-app\vendor\codeigniter4\framework\system\Database\BaseConnection.php(392): CodeIgniter\Database\MySQLi\Connection->connect(false)
#1 C:\xampp\htdocs\PemrogramanFramework\project-tugas-ci4\project-app\vendor\codeigniter4\framework\system\Database\BaseConnection.php(575): CodeIgniter\Database\BaseConnection->initialize()
#2 C:\xampp\htdocs\PemrogramanFramework\project-tugas-ci4\project-app\vendor\codeigniter4\framework\system\Database\BaseBuilder.php(1616): CodeIgniter\Database\BaseConnection->query('SELECT *\nFROM `...', Array, false)
#3 C:\xampp\htdocs\PemrogramanFramework\project-tugas-ci4\project-app\vendor\codeigniter4\framework\system\Model.php(243): CodeIgniter\Database\BaseBuilder->get()
#4 C:\xampp\htdocs\PemrogramanFramework\project-tugas-ci4\project-app\vendor\codeigniter4\framework\system\BaseModel.php(641): CodeIgniter\Model->doFindAll(0, 0)
#5 C:\xampp\htdocs\PemrogramanFramework\project-tugas-ci4\project-app\app\Models\Employee_model.php(16): CodeIgniter\BaseModel->findAll()
#6 C:\xampp\htdocs\PemrogramanFramework\project-tugas-ci4\project-app\app\Controllers\Admin\Employee.php(13): App\Models\Employee_model->getKaryawan()
#7 C:\xampp\htdocs\PemrogramanFramework\project-tugas-ci4\project-app\vendor\codeigniter4\framework\system\CodeIgniter.php(943): App\Controllers\Admin\Employee->index()
#8 C:\xampp\htdocs\PemrogramanFramework\project-tugas-ci4\project-app\vendor\codeigniter4\framework\system\CodeIgniter.php(503): CodeIgniter\CodeIgniter->runController(Object(App\Controllers\Admin\Employee))
#9 C:\xampp\htdocs\PemrogramanFramework\project-tugas-ci4\project-app\vendor\codeigniter4\framework\system\CodeIgniter.php(361): CodeIgniter\CodeIgniter->handleRequest(NULL, Object(Config\Cache), false)
#10 C:\xampp\htdocs\PemrogramanFramework\project-tugas-ci4\project-app\public\index.php(79): CodeIgniter\CodeIgniter->run()
#11 C:\xampp\htdocs\PemrogramanFramework\project-tugas-ci4\project-app\vendor\codeigniter4\framework\system\Commands\Server\rewrite.php(47): require_once('C:\\xampp\\htdocs...')
#12 {main}
CRITICAL - 2024-06-10 23:19:58 --> CodeIgniter\Database\Exceptions\DatabaseException: Unable to connect to the database.
Main connection [MySQLi]: Access denied for user '****'@'localhost' (using password: YES)
in SYSTEMPATH\Database\BaseConnection.php on line 428.
 1 SYSTEMPATH\Database\BaseConnection.php(575): CodeIgniter\Database\BaseConnection->initialize()
 2 SYSTEMPATH\Database\BaseBuilder.php(1616): CodeIgniter\Database\BaseConnection->query('SELECT *
FROM `employees`', [], false)
 3 SYSTEMPATH\Model.php(243): CodeIgniter\Database\BaseBuilder->get()
 4 SYSTEMPATH\BaseModel.php(641): CodeIgniter\Model->doFindAll(0, 0)
 5 APPPATH\Models\Employee_model.php(16): CodeIgniter\BaseModel->findAll()
 6 APPPATH\Controllers\Admin\Employee.php(13): App\Models\Employee_model->getKaryawan()
 7 SYSTEMPATH\CodeIgniter.php(943): App\Controllers\Admin\Employee->index()
 8 SYSTEMPATH\CodeIgniter.php(503): CodeIgniter\CodeIgniter->runController(Object(App\Controllers\Admin\Employee))
 9 SYSTEMPATH\CodeIgniter.php(361): CodeIgniter\CodeIgniter->handleRequest(null, Object(Config\Cache), false)
10 FCPATH\index.php(79): CodeIgniter\CodeIgniter->run()
11 SYSTEMPATH\Commands\Server\rewrite.php(47): require_once('C:\\xampp\\htdocs\\PemrogramanFramework\\project-tugas-ci4\\project-app\\public\\index.php')
CRITICAL - 2024-06-10 23:45:17 --> CodeIgniter\View\Exceptions\ViewException: Invalid file: "admin/header.php"
in SYSTEMPATH\Exceptions\FrameworkException.php on line 39.
 1 SYSTEMPATH\View\View.php(216): CodeIgniter\Exceptions\FrameworkException::forInvalidFile('admin/header.php')
 2 SYSTEMPATH\Common.php(1178): CodeIgniter\View\View->render('admin/header', [], true)
 3 APPPATH\Controllers\Admin\Penggajian.php(29): view('admin/header', [...])
 4 SYSTEMPATH\CodeIgniter.php(943): App\Controllers\Admin\Penggajian->index()
 5 SYSTEMPATH\CodeIgniter.php(503): CodeIgniter\CodeIgniter->runController(Object(App\Controllers\Admin\Penggajian))
 6 SYSTEMPATH\CodeIgniter.php(361): CodeIgniter\CodeIgniter->handleRequest(null, Object(Config\Cache), false)
 7 FCPATH\index.php(79): CodeIgniter\CodeIgniter->run()
 8 SYSTEMPATH\Commands\Server\rewrite.php(47): require_once('C:\\xampp\\htdocs\\PemrogramanFramework\\project-tugas-ci4\\project-app\\public\\index.php')
